<?xml version="1.0" encoding="UTF-8"?>
<!-- Generated by org.testng.reporters.JUnitReportReporter -->
<testsuite skipped="0" hostname="LAPTOP-8JSH16DM" name="FrameworkDemo.FrameworkDemo.HomePage" tests="1" failures="0" timestamp="03 Nov 2019 07:34:52 GMT" time="61.939" errors="0">
  <testcase name="basePageNavigation" time="61.939" classname="FrameworkDemo.FrameworkDemo.HomePage"/>
</testsuite> <!-- FrameworkDemo.FrameworkDemo.HomePage -->
