<?xml version="1.0" encoding="UTF-8"?>
<!-- Generated by org.testng.reporters.JUnitReportReporter -->
<testsuite skipped="0" hostname="LAPTOP-8JSH16DM" name="testCases.HomePage" tests="1" failures="0" timestamp="30 Nov 2019 14:06:50 GMT" time="228.470" errors="0">
  <testcase name="TestCas" time="228.470" classname="testCases.HomePage"/>
</testsuite> <!-- testCases.HomePage -->
